Removed world/playerdata/142eea4d-4f7e-4db3-b38d-fdfcaeeb4a60.dat_old: not used
Removed world/playerdata/144e91af-e572-44e1-852f-7a2a53c8a25f.dat_old: not used
Removed world/playerdata/2f383503-bfd8-4648-8804-368609f922ba.dat_old: not used
Removed world/playerdata/324909ef-3a41-434c-b7e4-bb2819c4801d.dat_old: not used
Removed world/playerdata/43d98784-c9ba-453c-8a93-2cf2a4e698d0.dat_old: not used
Removed world/playerdata/4b46481d-f8f9-4526-978f-5fa26bc32176.dat_old: not used
Removed world/playerdata/535585b9-dd08-4f4b-a8be-43b0993db97c.dat_old: not used
Removed world/playerdata/55b76905-daa0-4e3a-b948-a9aae1e9c748.dat_old: not used
Removed world/playerdata/567218ca-4270-4b61-9e84-40c638f21e8b.dat_old: not used
Removed world/playerdata/61c32a8b-232a-4902-a0a8-78016d4dfec8.dat_old: not used
Removed world/playerdata/651afa01-4af5-41a0-b228-f551e3eaffc8.dat_old: not used
Removed world/playerdata/79a5bb17-b630-48b6-8c5f-ef8cf3cd40a8.dat_old: not used
Removed world/playerdata/7e25bcbb-cef0-4870-a11c-d2a05bd50aed.dat_old: not used
Removed world/playerdata/84261282-d1cb-40b2-aa85-3ddc48cb4076.dat_old: not used
Removed world/playerdata/8aa20f67-3a6e-4c74-b64c-0f98dbf0e2f9.dat_old: not used
Removed world/playerdata/945f36b9-6e5f-4f5f-b7ed-0bd6136ca51b.dat_old: not used
Removed world/playerdata/a1ccabb3-08f6-4bcb-a063-112c78baeb43.dat_old: not used
Removed world/playerdata/a66317d8-b1de-413e-bbf3-2d8e0f6c57b6.dat_old: not used
Removed world/playerdata/aa50c461-ddcb-4906-9300-d65642cc4751.dat_old: not used
Removed world/playerdata/b0b80edc-51d6-4f8a-aa37-9fa03b986e3b.dat_old: not used
Removed world/playerdata/b7314d70-2de1-4c36-a88a-aeba60f6236e.dat_old: not used
Removed world/playerdata/be17f750-15a5-4125-9951-0db98b8dd61f.dat_old: not used
Removed world/playerdata/ce68f949-8587-4021-a673-d26dbd9819a5.dat_old: not used
Removed world/playerdata/d88221fb-6852-420c-88d7-acbc4963b10c.dat_old: not used
Removed world/playerdata/d99d273a-5555-491f-867c-62f804bd74f1.dat_old: not used
Removed world/playerdata/e5af7b3c-72e4-4860-9c85-d8304b81d17c.dat_old: not used
Removed world/playerdata/f6cefcdb-b599-4cd5-8509-fa9b2efb210b.dat_old: not used
Removed world/playerdata/ffddd9df-ea2e-461f-9606-b92de09d85df.dat_old: not used
Removed world/poi/r.-2.-9.mca: 0 size
Removed world/poi/r.-2.4.mca: 0 size
Removed world/poi/r.-3.-9.mca: 0 size
Removed world/poi/r.-3.2.mca: 0 size
Removed world/poi/r.-3.4.mca: 0 size
Removed world/poi/r.2.4.mca: 0 size
Removed world/poi/r.3.4.mca: 0 size
Removed world/poi/r.5.-1.mca: 0 size
Removed world/poi/r.5.0.mca: 0 size
Removed world/poi/r.5.2.mca: 0 size
Removed world/poi/r.6.-1.mca: 0 size
Removed world/uid.dat: not used
Validated 523 files, 483 accepted, 40 rejected.
